\BOOKMARK [1][-]{section.1}{Lo Pseudocodice}{}% 1
\BOOKMARK [2][-]{subsection.1.1}{Notazione in pseudocodice}{section.1}% 2
\BOOKMARK [1][-]{section.2}{Sottovettore di Somma Massima: Algoritmo di Kadane}{}% 3
\BOOKMARK [1][-]{section.3}{Valutazione Algoritmi}{}% 4
\BOOKMARK [2][-]{subsection.3.1}{Calcolo del Minimo}{section.3}% 5
\BOOKMARK [2][-]{subsection.3.2}{Ricerca Binaria}{section.3}% 6
\BOOKMARK [1][-]{section.4}{Analisi degli Algoritmi}{}% 7
\BOOKMARK [2][-]{subsection.4.1}{Tempo di Calcolo}{section.4}% 8
\BOOKMARK [2][-]{subsection.4.2}{Complessit\340 Algoritmi vs Complessit\340 Problemi: Moltiplicazione di Gauss}{section.4}% 9
\BOOKMARK [2][-]{subsection.4.3}{Notazione Asintotica e Propriet\340}{section.4}% 10
\BOOKMARK [2][-]{subsection.4.4}{Complessit\340}{section.4}% 11
\BOOKMARK [1][-]{section.5}{Equazioni di Ricorrenza}{}% 12
\BOOKMARK [2][-]{subsection.5.1}{Metodo dell'Albero di Ricorsione, o per Livelli}{section.5}% 13
\BOOKMARK [2][-]{subsection.5.2}{Metodo di Sostituzione, o per Tentativi}{section.5}% 14
\BOOKMARK [2][-]{subsection.5.3}{Metodo dell'Esperto, o delle Ricorrenze Comuni}{section.5}% 15
\BOOKMARK [2][-]{subsection.5.4}{Ricorrenze Lineari con Partizione Bilanciata \(Estesa\)}{section.5}% 16
\BOOKMARK [2][-]{subsection.5.5}{Ricorrenze Lineari di Ordine Costante}{section.5}% 17
\BOOKMARK [1][-]{section.6}{Algoritmi di Ordinamento}{}% 18
\BOOKMARK [2][-]{subsection.6.1}{Selection Sort}{section.6}% 19
\BOOKMARK [2][-]{subsection.6.2}{Insertion Sort}{section.6}% 20
\BOOKMARK [2][-]{subsection.6.3}{Merge Sort}{section.6}% 21
\BOOKMARK [2][-]{subsection.6.4}{Heap Sort}{section.6}% 22
\BOOKMARK [2][-]{subsection.6.5}{Quick Sort}{section.6}% 23
\BOOKMARK [1][-]{section.7}{Strutture dati base}{}% 24
\BOOKMARK [2][-]{subsection.7.1}{Insiemi}{section.7}% 25
\BOOKMARK [2][-]{subsection.7.2}{Dizionari}{section.7}% 26
\BOOKMARK [2][-]{subsection.7.3}{Stack}{section.7}% 27
\BOOKMARK [2][-]{subsection.7.4}{Queue}{section.7}% 28
\BOOKMARK [1][-]{section.8}{Alberi}{}% 29
\BOOKMARK [2][-]{subsection.8.1}{Alberi binari}{section.8}% 30
\BOOKMARK [3][-]{subsubsection.8.1.1}{Visite alberi binari}{subsection.8.1}% 31
\BOOKMARK [3][-]{subsubsection.8.1.2}{Esempi visite alberi binari con DFS}{subsection.8.1}% 32
\BOOKMARK [3][-]{subsubsection.8.1.3}{Esempi visite alberi binari con BFS}{subsection.8.1}% 33
\BOOKMARK [2][-]{subsection.8.2}{Alberi generici}{section.8}% 34
\BOOKMARK [3][-]{subsubsection.8.2.1}{Visite alberi generici}{subsection.8.2}% 35
\BOOKMARK [2][-]{subsection.8.3}{Alberi Binari di Ricerca \(ABR\)}{section.8}% 36
\BOOKMARK [2][-]{subsection.8.4}{Alberi Red-Black}{section.8}% 37
\BOOKMARK [1][-]{section.9}{Grafi}{}% 38
\BOOKMARK [2][-]{subsection.9.1}{Visite grafi}{section.9}% 39
\BOOKMARK [2][-]{subsection.9.2}{Cammini pi\371 brevi: BFS}{section.9}% 40
\BOOKMARK [2][-]{subsection.9.3}{Componenti connesse: DFS}{section.9}% 41
\BOOKMARK [2][-]{subsection.9.4}{Grafo non orientato aciclico: DFS}{section.9}% 42
\BOOKMARK [3][-]{subsubsection.9.4.1}{Albero di copertura DFS}{subsection.9.4}% 43
\BOOKMARK [2][-]{subsection.9.5}{Grafo orientato aciclico\(DAG\): DFS}{section.9}% 44
\BOOKMARK [2][-]{subsection.9.6}{Ordinamento topologico: DFS}{section.9}% 45
\BOOKMARK [2][-]{subsection.9.7}{Componenti fortemente connesse \(SCC\): DFS}{section.9}% 46
\BOOKMARK [1][-]{section.10}{Hashing}{}% 47
\BOOKMARK [2][-]{subsection.10.1}{Doppio hashing}{section.10}% 48
\BOOKMARK [1][-]{section.11}{Insiemi e dizionari}{}% 49
\BOOKMARK [2][-]{subsection.11.1}{Insiemi con vettori booleani}{section.11}% 50
\BOOKMARK [2][-]{subsection.11.2}{Bloom Filters}{section.11}% 51
\BOOKMARK [1][-]{section.12}{Strutture dati speciali}{}% 52
\BOOKMARK [2][-]{subsection.12.1}{Heap}{section.12}% 53
\BOOKMARK [2][-]{subsection.12.2}{Code a priorit\340}{section.12}% 54
\BOOKMARK [1][-]{section.13}{Divide-et-impera}{}% 55
\BOOKMARK [2][-]{subsection.13.1}{QuickSort}{section.13}% 56
\BOOKMARK [2][-]{subsection.13.2}{Gap}{section.13}% 57
\BOOKMARK [1][-]{section.14}{Regole Matematiche}{}% 58
\BOOKMARK [2][-]{subsection.14.1}{Sommatorie}{section.14}% 59
\BOOKMARK [2][-]{subsection.14.2}{Cambiamento di Base}{section.14}% 60
\BOOKMARK [1][-]{section.15}{Trattare le matrici quadrate come Grafi}{}% 61
\BOOKMARK [2][-]{subsection.15.1}{Costruire un grafo a partire da una matrice}{section.15}% 62
\BOOKMARK [2][-]{subsection.15.2}{Visita di una matrice in DFS}{section.15}% 63
\BOOKMARK [2][-]{subsection.15.3}{Visita di una matrice in BFS}{section.15}% 64
\BOOKMARK [1][-]{section.16}{Programmazione dinamica e memoization}{}% 65
\BOOKMARK [2][-]{subsection.16.1}{Programmazione dinamica}{section.16}% 66
\BOOKMARK [3][-]{subsubsection.16.1.1}{Domino}{subsection.16.1}% 67
\BOOKMARK [3][-]{subsubsection.16.1.2}{Hateville}{subsection.16.1}% 68
\BOOKMARK [3][-]{subsubsection.16.1.3}{Zaino \(Knapsack\)}{subsection.16.1}% 69
\BOOKMARK [2][-]{subsection.16.2}{Memoization}{section.16}% 70
\BOOKMARK [3][-]{subsubsection.16.2.1}{Zaino \(Knapsack\)}{subsection.16.2}% 71
\BOOKMARK [3][-]{subsubsection.16.2.2}{Zaino \(Knapsack\) senza limiti}{subsection.16.2}% 72
\BOOKMARK [2][-]{subsection.16.3}{Esempio reale: Sottosequenza comune massimale}{section.16}% 73
\BOOKMARK [1][-]{section.17}{Esercitazioni}{}% 74
\BOOKMARK [2][-]{subsection.17.1}{Esecitazione 1 - 10/10/19}{section.17}% 75
\BOOKMARK [2][-]{subsection.17.2}{Esecitazione 2 - 29/10/19}{section.17}% 76
\BOOKMARK [2][-]{subsection.17.3}{Esecitazione 3 - 26/11/19}{section.17}% 77
\BOOKMARK [2][-]{subsection.17.4}{Esecitazione 4 - 05/12/19}{section.17}% 78
\BOOKMARK [2][-]{subsection.17.5}{Esecitazione 5 - 19/12/19}{section.17}% 79
\BOOKMARK [2][-]{subsection.17.6}{Esecitazione 6 - 20/02/2020}{section.17}% 80
\BOOKMARK [2][-]{subsection.17.7}{Esecitazione 7 - 02/03/2020}{section.17}% 81
\BOOKMARK [1][-]{section.18}{Laboratori}{}% 82
\BOOKMARK [2][-]{subsection.18.1}{Laboratorio 7 - 04/03/20}{section.18}% 83
\BOOKMARK [1][-]{section.19}{Tutorati: Esercizi Utili}{}% 84
\BOOKMARK [2][-]{subsection.19.1}{ASD1}{section.19}% 85
\BOOKMARK [2][-]{subsection.19.2}{ASD2}{section.19}% 86
\BOOKMARK [2][-]{subsection.19.3}{ASD3}{section.19}% 87
\BOOKMARK [2][-]{subsection.19.4}{ASD4}{section.19}% 88
\BOOKMARK [2][-]{subsection.19.5}{ASD5}{section.19}% 89
\BOOKMARK [2][-]{subsection.19.6}{ASD6}{section.19}% 90
\BOOKMARK [2][-]{subsection.19.7}{ASD7}{section.19}% 91
\BOOKMARK [2][-]{subsection.19.8}{ASD8}{section.19}% 92
\BOOKMARK [2][-]{subsection.19.9}{ASD9}{section.19}% 93
\BOOKMARK [2][-]{subsection.19.10}{ASD10}{section.19}% 94
\BOOKMARK [2][-]{subsection.19.11}{ASD11}{section.19}% 95
\BOOKMARK [1][-]{section.20}{Esami anni passati}{}% 96
\BOOKMARK [2][-]{subsection.20.1}{Esame 07/02/2019}{section.20}% 97
\BOOKMARK [2][-]{subsection.20.2}{Esercizi vari}{section.20}% 98
